2019-09-30 18:09:609 INFO  LoggerHelper : 25 -Logger is configured
2019-09-30 18:09:28 INFO  LoggerHelper : 25 -Logger is configured
2019-09-30 18:09:277 INFO  LoggerHelper : 25 -Logger is configured
2019-09-30 18:09:334 INFO  LoggerHelper :25 -Logger is configured
2019-09-30 18:09:137 INFO  LoggerHelper :25-Logger is configured
2019-09-30 18:09:227 INFO  LoggerHelper :25-Logger is configured
2019-09-30 18:09:634 INFO  LoggerHelper :25-Logger is configured
2019-09-30 18:09:684 INFO  LoggerHelper :25 -Logger is configured
2019-09-30 18:09:651 INFO  LoggerHelper :25 - Logger is configured
2019-09-30 18:09:974 INFO  LoggerHelper :27 - Logger is configured
2019-09-30 18:09:123 INFO  LoggerHelper :27 - Logger is configured
2019-09-30 18:09:128 INFO  LoggerHelper :28 - Logger is configured1
2019-09-30 18:09:179 INFO  LoggerHelper :27 - Logger is configured
2019-09-30 18:09:181 INFO  LoggerHelper :28 - Logger is configured2
2019-10-01 20:10:11 INFO  IRetryAnalyzer :23 - Retrying test testloginwith a statusFAILUREFor the 1times
2019-10-01 20:10:24 INFO  IRetryAnalyzer :23 - Retrying test testloginwith a statusFAILUREFor the 2times
2019-10-01 20:10:102 INFO  IRetryAnalyzer :23 - Retrying test testloginwith a statusFAILUREFor the 1times
2019-10-01 20:10:109 INFO  IRetryAnalyzer :23 - Retrying test testloginwith a statusFAILUREFor the 2times
2019-10-01 20:10:607 INFO  IRetryAnalyzer :23 - Retrying test testloginBwith a status FAILUREFor the 1times
2019-10-01 20:10:620 INFO  IRetryAnalyzer :23 - Retrying test testloginBwith a status FAILUREFor the 2times
2019-10-01 20:10:660 INFO  IRetryAnalyzer :23 - Retrying test testloginCwith a status FAILUREFor the 1times
2019-10-01 20:10:662 INFO  IRetryAnalyzer :23 - Retrying test testloginCwith a status FAILUREFor the 2times
2019-10-01 20:10:831 INFO  IRetryAnalyzer :23 -  Retrying test testloginB with a status FAILURE For the 1 times 
2019-10-01 20:10:838 INFO  IRetryAnalyzer :23 -  Retrying test testloginB with a status FAILURE For the 2 times 
2019-10-01 20:10:881 INFO  IRetryAnalyzer :23 -  Retrying test testloginC with a status FAILURE For the 1 times 
2019-10-01 20:10:886 INFO  IRetryAnalyzer :23 -  Retrying test testloginC with a status FAILURE For the 2 times 
2019-10-01 20:10:757 INFO  IRetryAnalyzer :23 -  Retrying test testloginB with a status FAILURE For the 1 times 
2019-10-01 20:10:765 INFO  IRetryAnalyzer :23 -  Retrying test testloginB with a status FAILURE For the 2 times 
2019-10-01 20:10:802 INFO  IRetryAnalyzer :23 -  Retrying test testloginC with a status FAILURE For the 1 times 
2019-10-01 20:10:807 INFO  IRetryAnalyzer :23 -  Retrying test testloginC with a status FAILURE For the 2 times 
2019-10-01 20:10:186 INFO  IRetryAnalyzer :23 -  Retrying test testloginB with a status FAILURE For the 1 times 
2019-10-01 20:10:194 INFO  IRetryAnalyzer :23 -  Retrying test testloginB with a status FAILURE For the 2 times 
2019-10-01 20:10:234 INFO  IRetryAnalyzer :23 -  Retrying test testloginC with a status FAILURE For the 1 times 
2019-10-01 20:10:239 INFO  IRetryAnalyzer :23 -  Retrying test testloginC with a status FAILURE For the 2 times 
2019-10-01 20:10:160 INFO  IRetryAnalyzer :23 -  Retrying test testloginB with a status null For the 1 times 
2019-10-01 20:10:170 INFO  IRetryAnalyzer :23 -  Retrying test testloginB with a status null For the 2 times 
2019-10-01 20:10:210 INFO  IRetryAnalyzer :23 -  Retrying test testloginC with a status null For the 1 times 
2019-10-01 20:10:210 INFO  IRetryAnalyzer :23 -  Retrying test testloginC with a status null For the 2 times 
2019-10-01 20:10:101 INFO  IRetryAnalyzer :23 -  Retrying test testloginB with a status FAILURE For the 1 times 
2019-10-01 20:10:114 INFO  IRetryAnalyzer :23 -  Retrying test testloginB with a status FAILURE For the 2 times 
2019-10-01 20:10:116 INFO  IRetryAnalyzer :23 -  Retrying test testloginB with a status FAILURE For the 3 times 
2019-10-01 20:10:158 INFO  IRetryAnalyzer :23 -  Retrying test testloginC with a status FAILURE For the 1 times 
2019-10-01 20:10:169 INFO  IRetryAnalyzer :23 -  Retrying test testloginC with a status FAILURE For the 2 times 
2019-10-01 20:10:174 INFO  IRetryAnalyzer :23 -  Retrying test testloginC with a status FAILURE For the 3 times 
2019-10-01 21:10:532 INFO  IRetryAnalyzer :23 -  Retrying test testloginB with a status FAILURE For the 1 times 
2019-10-01 21:10:542 INFO  IRetryAnalyzer :23 -  Retrying test testloginB with a status FAILURE For the 2 times 
2019-10-01 21:10:547 INFO  IRetryAnalyzer :23 -  Retrying test testloginB with a status FAILURE For the 3 times 
2019-10-01 21:10:582 INFO  IRetryAnalyzer :23 -  Retrying test testloginC with a status FAILURE For the 1 times 
2019-10-01 21:10:587 INFO  IRetryAnalyzer :23 -  Retrying test testloginC with a status FAILURE For the 2 times 
2019-10-01 21:10:592 INFO  IRetryAnalyzer :23 -  Retrying test testloginC with a status FAILURE For the 3 times 
2019-10-01 21:10:162 INFO  IRetryAnalyzer :23 -  Retrying test testloginB with a status FAILURE For the 1 times 
2019-10-01 21:10:169 INFO  IRetryAnalyzer :23 -  Retrying test testloginB with a status FAILURE For the 2 times 
2019-10-01 21:10:175 INFO  IRetryAnalyzer :23 -  Retrying test testloginB with a status FAILURE For the 3 times 
2019-10-01 21:10:213 INFO  IRetryAnalyzer :23 -  Retrying test testloginC with a status FAILURE For the 1 times 
2019-10-01 21:10:220 INFO  IRetryAnalyzer :23 -  Retrying test testloginC with a status FAILURE For the 2 times 
2019-10-01 21:10:223 INFO  IRetryAnalyzer :23 -  Retrying test testloginC with a status FAILURE For the 3 times 
2019-10-01 21:10:44 INFO  IRetryAnalyzer :23 -  Retrying test testloginB with a status FAILURE For the 1 times 
2019-10-01 21:10:55 INFO  IRetryAnalyzer :23 -  Retrying test testloginB with a status FAILURE For the 2 times 
2019-10-01 21:10:85 INFO  IRetryAnalyzer :23 -  Retrying test testloginC with a status FAILURE For the 1 times 
2019-10-01 21:10:95 INFO  IRetryAnalyzer :23 -  Retrying test testloginC with a status FAILURE For the 2 times 
2019-10-01 21:10:739 INFO  IRetryAnalyzer :23 -  Retrying test testloginB with a status FAILURE For the 1 times 
2019-10-01 21:10:747 INFO  IRetryAnalyzer :23 -  Retrying test testloginB with a status FAILURE For the 2 times 
2019-10-01 21:10:782 INFO  IRetryAnalyzer :23 -  Retrying test testloginC with a status FAILURE For the 1 times 
2019-10-01 21:10:792 INFO  IRetryAnalyzer :23 -  Retrying test testloginC with a status FAILURE For the 2 times 
2019-10-01 21:10:208 INFO  IRetryAnalyzer :23 -  Retrying test testloginB with a status FAILURE For the 1 times 
2019-10-01 21:10:216 INFO  IRetryAnalyzer :23 -  Retrying test testloginB with a status FAILURE For the 2 times 
2019-10-01 21:10:241 INFO  IRetryAnalyzer :23 -  Retrying test testloginC with a status FAILURE For the 1 times 
2019-10-01 21:10:251 INFO  IRetryAnalyzer :23 -  Retrying test testloginC with a status FAILURE For the 2 times 
2019-10-01 21:10:623 INFO  IRetryAnalyzer :23 -  Retrying test testloginB with a status FAILURE For the 1 times 
2019-10-01 21:10:631 INFO  IRetryAnalyzer :23 -  Retrying test testloginB with a status FAILURE For the 2 times 
2019-10-01 21:10:659 INFO  IRetryAnalyzer :23 -  Retrying test testloginC with a status FAILURE For the 1 times 
2019-10-01 21:10:664 INFO  IRetryAnalyzer :23 -  Retrying test testloginC with a status FAILURE For the 2 times 
2019-10-01 21:10:162 INFO  IRetryAnalyzer :23 -  Retrying test testloginB with a status FAILURE For the 1 times 
2019-10-01 21:10:172 INFO  IRetryAnalyzer :23 -  Retrying test testloginB with a status FAILURE For the 2 times 
2019-10-01 21:10:199 INFO  IRetryAnalyzer :23 -  Retrying test testloginC with a status FAILURE For the 1 times 
2019-10-01 21:10:204 INFO  IRetryAnalyzer :23 -  Retrying test testloginC with a status FAILURE For the 2 times 
2019-10-06 00:10:15 INFO  IRetryAnalyzer :23 -  Retrying test testloginB with a status FAILURE For the 1 times 
2019-10-06 00:10:29 INFO  IRetryAnalyzer :23 -  Retrying test testloginB with a status FAILURE For the 2 times 
2019-10-06 00:10:76 INFO  IRetryAnalyzer :23 -  Retrying test testloginC with a status FAILURE For the 1 times 
2019-10-06 00:10:81 INFO  IRetryAnalyzer :23 -  Retrying test testloginC with a status FAILURE For the 2 times 
2019-10-06 02:10:409 INFO  Excelhelper :105 - Result updated
2019-10-06 02:10:552 INFO  Excelhelper :105 - Result updated
2019-10-06 02:10:622 INFO  Excelhelper :105 - Result updated
2019-10-09 19:10:264 INFO  AssertionHelper :21 - making script is pass
2019-10-09 19:10:274 INFO  AssertionHelper :33 - making script is Fail
2019-10-09 19:10:294 INFO  AssertionHelper :21 - making script is pass
2019-10-09 19:10:298 INFO  AssertionHelper :33 - making script is Fail
2019-10-09 19:10:305 INFO  AssertionHelper :21 - making script is pass
2019-10-09 19:10:877 INFO  AssertionHelper :21 - making script is pass
2019-10-09 19:10:262 INFO  AssertionHelper :33 - making script is Fail
2019-10-09 19:10:384 INFO  AssertionHelper :21 - making script is pass
2019-10-09 19:10:468 INFO  AssertionHelper :33 - making script is Fail
2019-10-09 19:10:564 INFO  AssertionHelper :21 - making script is pass
2019-10-09 19:10:569 INFO  AssertionHelper :21 - making script is pass
2019-10-09 19:10:931 INFO  AssertionHelper :33 - making script is Fail
2019-10-09 19:10:41 INFO  AssertionHelper :21 - making script is pass
2019-10-09 19:10:113 INFO  AssertionHelper :33 - making script is Fail
2019-10-09 19:10:209 INFO  AssertionHelper :21 - making script is pass
2019-10-09 19:10:654 INFO  AssertionHelper :21 - making script is pass
2019-10-09 19:10:995 INFO  AssertionHelper :33 - making script is Fail
2019-10-09 19:10:94 INFO  AssertionHelper :21 - making script is pass
2019-10-09 19:10:170 INFO  AssertionHelper :33 - making script is Fail
2019-10-09 19:10:269 INFO  AssertionHelper :21 - making script is pass
2019-10-09 19:10:49 INFO  AssertionHelper :21 - making script is pass
2019-10-09 19:10:412 INFO  AssertionHelper :33 - making script is Fail
2019-10-09 19:10:547 INFO  AssertionHelper :21 - making script is pass
2019-10-09 19:10:636 INFO  AssertionHelper :33 - making script is Fail
2019-10-09 19:10:728 INFO  AssertionHelper :21 - making script is pass
2019-10-09 19:10:788 INFO  AssertionHelper :21 - making script is pass
2019-10-09 19:10:853 INFO  AssertionHelper :33 - making script is Fail
2019-10-09 19:10:908 INFO  AssertionHelper :21 - making script is pass
2019-10-09 19:10:958 INFO  AssertionHelper :33 - making script is Fail
2019-10-09 19:10:03 INFO  AssertionHelper :21 - making script is pass
2020-02-12 14:02:928 INFO  TestBase :109 - Intitialize Web driver1189084611
2020-02-12 14:02:945 INFO  WaitHelper :31 - WaitHelper object created
2020-02-12 14:02:946 INFO  WaitHelper :41 - Implicitwait has been set to SECONDS
2020-02-12 14:02:964 INFO  WaitHelper :164 - waiting for page to load for :SECONDSseconds
2020-02-12 14:02:968 INFO  WaitHelper :166 - Page is loaded completely
2020-02-12 14:02:553 INFO  WaitHelper :31 - WaitHelper object created
2020-02-12 14:02:102 INFO  WaitHelper :72 - Waiting for :[[ChromeDriver: chrome on XP (401aa344dfc696256b9ecaf31299aff2)] -> id: btnLogin] for : 15seconds
2020-02-12 14:02:219 INFO  WaitHelper :75 - element is visible now
2020-02-12 14:02:555 INFO  LoginPage :42 - Entering global id...ckhobra
2020-02-12 14:02:786 INFO  LoginPage :50 - Entering Password...Rutvij@jan
2020-02-12 14:02:787 INFO  LoginPage :58 - Clicking on the login button ......
2020-02-12 14:02:27 INFO  WaitHelper :31 - WaitHelper object created
2020-02-12 15:02:186 INFO  TestBase :109 - Intitialize Web driver1189084611
2020-02-12 15:02:194 INFO  WaitHelper :31 - WaitHelper object created
2020-02-12 15:02:195 INFO  WaitHelper :41 - Implicitwait has been set to SECONDS
2020-02-12 15:02:214 INFO  WaitHelper :164 - waiting for page to load for :SECONDSseconds
2020-02-12 15:02:223 INFO  WaitHelper :166 - Page is loaded completely
2020-02-12 15:02:171 INFO  WaitHelper :31 - WaitHelper object created
2020-02-12 15:02:713 INFO  WaitHelper :72 - Waiting for :[[ChromeDriver: chrome on XP (35dbfea9dc7dd5867dad8a7dd4308b58)] -> id: btnLogin] for : 15seconds
2020-02-12 15:02:810 INFO  WaitHelper :75 - element is visible now
2020-02-12 15:02:41 INFO  LoginPage :42 - Entering global id...ckhobra
2020-02-12 15:02:291 INFO  LoginPage :50 - Entering Password...Rutvij@jan
2020-02-12 15:02:293 INFO  LoginPage :58 - Clicking on the login button ......
2020-02-12 15:02:478 INFO  WaitHelper :31 - WaitHelper object created
2020-02-12 15:02:675 INFO  TestBase :109 - Intitialize Web driver1189084611
2020-02-12 15:02:684 INFO  WaitHelper :31 - WaitHelper object created
2020-02-12 15:02:685 INFO  WaitHelper :41 - Implicitwait has been set to SECONDS
2020-02-12 15:02:705 INFO  WaitHelper :164 - waiting for page to load for :SECONDSseconds
2020-02-12 15:02:716 INFO  WaitHelper :166 - Page is loaded completely
2020-02-12 15:02:468 INFO  WaitHelper :31 - WaitHelper object created
2020-02-12 15:02:14 INFO  WaitHelper :72 - Waiting for :[[ChromeDriver: chrome on XP (ba8eb3efda8e5088bf9bdc582bfc87ae)] -> id: btnLogin] for : 15seconds
2020-02-12 15:02:95 INFO  WaitHelper :75 - element is visible now
2020-02-12 15:02:339 INFO  LoginPage :42 - Entering global id...ckhobra
2020-02-12 15:02:635 INFO  LoginPage :50 - Entering Password...Rutvij@jan
2020-02-12 15:02:636 INFO  LoginPage :58 - Clicking on the login button ......
2020-02-12 15:02:603 INFO  WaitHelper :31 - WaitHelper object created
2020-02-12 15:02:662 INFO  TestBase :109 - Intitialize Web driver1189084611
2020-02-12 15:02:671 INFO  WaitHelper :31 - WaitHelper object created
2020-02-12 15:02:672 INFO  WaitHelper :41 - Implicitwait has been set to SECONDS
2020-02-12 15:02:686 INFO  WaitHelper :164 - waiting for page to load for :SECONDSseconds
2020-02-12 15:02:690 INFO  WaitHelper :166 - Page is loaded completely
2020-02-12 15:02:166 INFO  WaitHelper :31 - WaitHelper object created
2020-02-12 15:02:620 INFO  WaitHelper :72 - Waiting for :[[ChromeDriver: chrome on XP (4608211a25f467f461d1fb092ba94627)] -> id: btnLogin] for : 15seconds
2020-02-12 15:02:695 INFO  WaitHelper :75 - element is visible now
2020-02-12 15:02:883 INFO  LoginPage :42 - Entering global id...ckhobra
2020-02-12 15:02:29 INFO  LoginPage :50 - Entering Password...Rutvij@jan
2020-02-12 15:02:29 INFO  LoginPage :58 - Clicking on the login button ......
2020-02-12 17:02:127 INFO  TestBase :109 - Intitialize Web driver1189084611
2020-02-12 17:02:142 INFO  WaitHelper :31 - WaitHelper object created
2020-02-12 17:02:142 INFO  WaitHelper :41 - Implicitwait has been set to SECONDS
2020-02-12 17:02:171 INFO  WaitHelper :164 - waiting for page to load for :SECONDSseconds
2020-02-12 17:02:189 INFO  WaitHelper :166 - Page is loaded completely
2020-02-12 17:02:874 INFO  WaitHelper :31 - WaitHelper object created
2020-02-12 17:02:908 INFO  WaitHelper :72 - Waiting for :Proxy element for: DefaultElementLocator 'By.xpath: //button[@class='spin circle-dashboard btn-circle allprojects']' for : 15seconds
2020-02-12 17:02:195 INFO  WaitHelper :31 - WaitHelper object created
2020-02-12 17:02:461 INFO  TestBase :109 - Intitialize Web driver1189084611
2020-02-12 17:02:473 INFO  WaitHelper :31 - WaitHelper object created
2020-02-12 17:02:475 INFO  WaitHelper :41 - Implicitwait has been set to SECONDS
2020-02-12 17:02:485 INFO  WaitHelper :164 - waiting for page to load for :SECONDSseconds
2020-02-12 17:02:489 INFO  WaitHelper :166 - Page is loaded completely
2020-02-12 17:02:206 INFO  WaitHelper :31 - WaitHelper object created
2020-02-12 17:02:279 INFO  WaitHelper :72 - Waiting for :Proxy element for: DefaultElementLocator 'By.xpath: //button[@class='spin circle-dashboard btn-circle allprojects']' for : 15seconds
2020-02-12 17:02:762 INFO  WaitHelper :31 - WaitHelper object created
2020-02-12 18:02:73 INFO  TestBase :109 - Intitialize Web driver1792227359
2020-02-12 18:02:83 INFO  WaitHelper :31 - WaitHelper object created
2020-02-12 18:02:84 INFO  WaitHelper :41 - Implicitwait has been set to SECONDS
2020-02-12 18:02:100 INFO  WaitHelper :164 - waiting for page to load for :SECONDSseconds
2020-02-12 18:02:111 INFO  WaitHelper :166 - Page is loaded completely
2020-02-12 18:02:818 INFO  WaitHelper :31 - WaitHelper object created
2020-02-12 18:02:330 INFO  WaitHelper :72 - Waiting for :[[ChromeDriver: chrome on XP (8de7957fe4f8cab0cff0db7a70d815a1)] -> id: btnLogin] for : 15seconds
2020-02-12 18:02:429 INFO  WaitHelper :75 - element is visible now
2020-02-12 18:02:634 INFO  LoginPage :42 - Entering global id...ckhobra
2020-02-12 18:02:780 INFO  LoginPage :50 - Entering Password...Rutvij@jan
2020-02-12 18:02:781 INFO  LoginPage :58 - Clicking on the login button ......
2020-02-12 18:02:523 INFO  WaitHelper :31 - WaitHelper object created
2020-02-12 18:02:957 INFO  WaitHelper :31 - WaitHelper object created
2020-02-12 18:02:59 INFO  WaitHelper :31 - WaitHelper object created
2020-02-12 18:02:337 INFO  TestBase :109 - Intitialize Web driver1792227359
2020-02-12 18:02:346 INFO  WaitHelper :31 - WaitHelper object created
2020-02-12 18:02:346 INFO  WaitHelper :41 - Implicitwait has been set to SECONDS
2020-02-12 18:02:364 INFO  WaitHelper :164 - waiting for page to load for :SECONDSseconds
2020-02-12 18:02:368 INFO  WaitHelper :166 - Page is loaded completely
2020-02-12 18:02:363 INFO  WaitHelper :31 - WaitHelper object created
2020-02-12 18:02:879 INFO  WaitHelper :72 - Waiting for :[[ChromeDriver: chrome on XP (6b83665f1a2650a5e8bd5d039fa661fd)] -> id: btnLogin] for : 15seconds
2020-02-12 18:02:18 INFO  WaitHelper :75 - element is visible now
2020-02-12 18:02:303 INFO  LoginPage :42 - Entering global id...ckhobra
2020-02-12 18:02:460 INFO  LoginPage :50 - Entering Password...Rutvij@jan
2020-02-12 18:02:461 INFO  LoginPage :58 - Clicking on the login button ......
2020-02-12 18:02:923 INFO  CompressorPage :39 - Clicking on the my project icon of dashboard...
2020-02-12 18:02:217 INFO  TestBase :109 - Intitialize Web driver1792227359
2020-02-12 18:02:226 INFO  WaitHelper :31 - WaitHelper object created
2020-02-12 18:02:226 INFO  WaitHelper :41 - Implicitwait has been set to SECONDS
2020-02-12 18:02:237 INFO  WaitHelper :164 - waiting for page to load for :SECONDSseconds
2020-02-12 18:02:248 INFO  WaitHelper :166 - Page is loaded completely
2020-02-12 18:02:957 INFO  WaitHelper :31 - WaitHelper object created
2020-02-12 18:02:469 INFO  WaitHelper :72 - Waiting for :[[ChromeDriver: chrome on XP (9e38366be00bf67351ff8a3667c477c1)] -> id: btnLogin] for : 15seconds
2020-02-12 18:02:578 INFO  WaitHelper :75 - element is visible now
2020-02-12 18:02:824 INFO  LoginPage :42 - Entering global id...ckhobra
2020-02-12 18:02:985 INFO  LoginPage :50 - Entering Password...Rutvij@jan
2020-02-12 18:02:987 INFO  LoginPage :58 - Clicking on the login button ......
2020-02-12 18:02:557 INFO  CompressorPage :39 - Clicking on the my project icon of dashboard...
2020-02-12 18:02:455 INFO  TestBase :109 - Intitialize Web driver1189084611
2020-02-12 18:02:464 INFO  WaitHelper :31 - WaitHelper object created
2020-02-12 18:02:464 INFO  WaitHelper :41 - Implicitwait has been set to SECONDS
2020-02-12 18:02:482 INFO  WaitHelper :164 - waiting for page to load for :SECONDSseconds
2020-02-12 18:02:486 INFO  WaitHelper :166 - Page is loaded completely
2020-02-12 18:02:256 INFO  CompressorPage :39 - Clicking on the my project icon of dashboard...
2020-02-12 18:02:626 INFO  WaitHelper :31 - WaitHelper object created
2020-02-12 18:02:157 INFO  WaitHelper :72 - Waiting for :[[ChromeDriver: chrome on XP (724cc2f3a3d7ba89cafa0b241e1dfe65)] -> id: btnLogin] for : 15seconds
2020-02-12 18:02:237 INFO  WaitHelper :75 - element is visible now
2020-02-12 18:02:478 INFO  LoginPage :42 - Entering global id...ckhobra
2020-02-12 18:02:621 INFO  LoginPage :50 - Entering Password...Rutvij@jan
2020-02-12 18:02:622 INFO  LoginPage :58 - Clicking on the login button ......
2020-02-12 18:02:73 INFO  TestBase :109 - Intitialize Web driver1189084611
2020-02-12 18:02:81 INFO  WaitHelper :31 - WaitHelper object created
2020-02-12 18:02:81 INFO  WaitHelper :41 - Implicitwait has been set to SECONDS
2020-02-12 18:02:97 INFO  WaitHelper :164 - waiting for page to load for :SECONDSseconds
2020-02-12 18:02:109 INFO  WaitHelper :166 - Page is loaded completely
2020-02-12 18:02:789 INFO  CompressorPage :39 - Clicking on the my project icon of dashboard...
2020-02-12 18:02:48 INFO  WaitHelper :31 - WaitHelper object created
2020-02-12 18:02:713 INFO  WaitHelper :72 - Waiting for :[[ChromeDriver: chrome on XP (264616fb49e75b8f4c64b29f7e4f775b)] -> id: btnLogin] for : 15seconds
2020-02-12 18:02:808 INFO  WaitHelper :75 - element is visible now
2020-02-12 18:02:983 INFO  LoginPage :42 - Entering global id...ckhobra
2020-02-12 18:02:104 INFO  LoginPage :50 - Entering Password...Rutvij@jan
2020-02-12 18:02:104 INFO  LoginPage :58 - Clicking on the login button ......
2020-02-12 18:02:482 INFO  TestBase :109 - Intitialize Web driver1517328406
2020-02-12 18:02:491 INFO  WaitHelper :31 - WaitHelper object created
2020-02-12 18:02:492 INFO  WaitHelper :41 - Implicitwait has been set to SECONDS
2020-02-12 18:02:508 INFO  WaitHelper :164 - waiting for page to load for :SECONDSseconds
2020-02-12 18:02:514 INFO  WaitHelper :166 - Page is loaded completely
2020-02-12 18:02:306 INFO  CompressorPage :39 - Clicking on the my project icon of dashboard...
2020-02-12 18:02:696 INFO  TestBase :109 - Intitialize Web driver1189084611
2020-02-12 18:02:705 INFO  WaitHelper :31 - WaitHelper object created
2020-02-12 18:02:705 INFO  WaitHelper :41 - Implicitwait has been set to SECONDS
2020-02-12 18:02:716 INFO  WaitHelper :164 - waiting for page to load for :SECONDSseconds
2020-02-12 18:02:722 INFO  WaitHelper :166 - Page is loaded completely
2020-02-12 18:02:885 INFO  WaitHelper :31 - WaitHelper object created
2020-02-12 18:02:411 INFO  WaitHelper :72 - Waiting for :[[ChromeDriver: chrome on XP (966bfa02d29940712a176063f5e39a60)] -> id: btnLogin] for : 15seconds
2020-02-12 18:02:486 INFO  WaitHelper :75 - element is visible now
2020-02-12 18:02:775 INFO  LoginPage :42 - Entering global id...ckhobra
2020-02-12 18:02:976 INFO  LoginPage :50 - Entering Password...Rutvij@jan
2020-02-12 18:02:976 INFO  LoginPage :58 - Clicking on the login button ......
2020-02-12 19:02:692 INFO  TestBase :109 - Intitialize Web driver1189084611
2020-02-12 19:02:701 INFO  WaitHelper :31 - WaitHelper object created
2020-02-12 19:02:701 INFO  WaitHelper :41 - Implicitwait has been set to SECONDS
2020-02-12 19:02:716 INFO  WaitHelper :164 - waiting for page to load for :SECONDSseconds
2020-02-12 19:02:721 INFO  WaitHelper :166 - Page is loaded completely
2020-02-12 19:02:445 INFO  CompressorPage :39 - Clicking on the my project icon of dashboard...
2020-02-12 19:02:322 INFO  WaitHelper :31 - WaitHelper object created
2020-02-12 19:02:901 INFO  WaitHelper :72 - Waiting for :[[ChromeDriver: chrome on XP (14ee5a3a740ffae43ca45d4bfcce1c87)] -> id: btnLogin] for : 15seconds
2020-02-12 19:02:973 INFO  WaitHelper :75 - element is visible now
2020-02-12 19:02:161 INFO  LoginPage :42 - Entering global id...ckhobra
2020-02-12 19:02:301 INFO  LoginPage :50 - Entering Password...Rutvij@jan
2020-02-12 19:02:302 INFO  LoginPage :58 - Clicking on the login button ......
2020-02-12 19:02:269 INFO  TestBase :109 - Intitialize Web driver1189084611
2020-02-12 19:02:278 INFO  WaitHelper :31 - WaitHelper object created
2020-02-12 19:02:278 INFO  WaitHelper :41 - Implicitwait has been set to SECONDS
2020-02-12 19:02:296 INFO  WaitHelper :164 - waiting for page to load for :SECONDSseconds
2020-02-12 19:02:305 INFO  WaitHelper :166 - Page is loaded completely
2020-02-12 19:02:180 INFO  WaitHelper :31 - WaitHelper object created
2020-02-12 19:02:697 INFO  WaitHelper :72 - Waiting for :[[ChromeDriver: chrome on XP (02432212f5d366e63163812af4044940)] -> id: btnLogin] for : 15seconds
2020-02-12 19:02:795 INFO  WaitHelper :75 - element is visible now
2020-02-12 19:02:32 INFO  LoginPage :42 - Entering global id...ckhobra
2020-02-12 19:02:241 INFO  LoginPage :50 - Entering Password...Rutvij@jan
2020-02-12 19:02:241 INFO  LoginPage :58 - Clicking on the login button ......
2020-02-12 19:02:251 INFO  CompressorPage :39 - Clicking on the my project icon of dashboard...
2020-02-12 19:02:348 INFO  TestBase :109 - Intitialize Web driver1189084611
2020-02-12 19:02:358 INFO  WaitHelper :31 - WaitHelper object created
2020-02-12 19:02:358 INFO  WaitHelper :41 - Implicitwait has been set to SECONDS
2020-02-12 19:02:379 INFO  WaitHelper :164 - waiting for page to load for :SECONDSseconds
2020-02-12 19:02:385 INFO  WaitHelper :166 - Page is loaded completely
2020-02-12 19:02:395 INFO  WaitHelper :31 - WaitHelper object created
2020-02-12 19:02:912 INFO  WaitHelper :72 - Waiting for :[[ChromeDriver: chrome on XP (977f683585fd278756e8701700219e17)] -> id: btnLogin] for : 15seconds
2020-02-12 19:02:18 INFO  WaitHelper :75 - element is visible now
2020-02-12 19:02:257 INFO  LoginPage :42 - Entering global id...ckhobra
2020-02-12 19:02:396 INFO  LoginPage :50 - Entering Password...Rutvij@jan
2020-02-12 19:02:397 INFO  LoginPage :58 - Clicking on the login button ......
2020-02-12 19:02:754 INFO  CompressorPage :39 - Clicking on the my project icon of dashboard...
2020-02-12 19:02:828 INFO  TestBase :109 - Intitialize Web driver1189084611
2020-02-12 19:02:838 INFO  WaitHelper :31 - WaitHelper object created
2020-02-12 19:02:838 INFO  WaitHelper :41 - Implicitwait has been set to SECONDS
2020-02-12 19:02:855 INFO  WaitHelper :164 - waiting for page to load for :SECONDSseconds
2020-02-12 19:02:868 INFO  WaitHelper :166 - Page is loaded completely
2020-02-12 19:02:65 INFO  WaitHelper :31 - WaitHelper object created
2020-02-12 19:02:576 INFO  WaitHelper :72 - Waiting for :[[ChromeDriver: chrome on XP (02a46180a5ac05db23a473715f90799b)] -> id: btnLogin] for : 15seconds
2020-02-12 19:02:654 INFO  WaitHelper :75 - element is visible now
2020-02-12 19:02:889 INFO  LoginPage :42 - Entering global id...ckhobra
2020-02-12 19:02:40 INFO  LoginPage :50 - Entering Password...Rutvij@jan
2020-02-12 19:02:41 INFO  LoginPage :58 - Clicking on the login button ......
2020-02-12 19:02:667 INFO  CompressorPage :39 - Clicking on the my project icon of dashboard...
2020-02-12 19:02:485 INFO  TestBase :109 - Intitialize Web driver1189084611
2020-02-12 19:02:496 INFO  WaitHelper :31 - WaitHelper object created
2020-02-12 19:02:496 INFO  WaitHelper :41 - Implicitwait has been set to SECONDS
2020-02-12 19:02:518 INFO  WaitHelper :164 - waiting for page to load for :SECONDSseconds
2020-02-12 19:02:534 INFO  WaitHelper :166 - Page is loaded completely
2020-02-12 19:02:340 INFO  WaitHelper :31 - WaitHelper object created
2020-02-12 19:02:851 INFO  WaitHelper :72 - Waiting for :[[ChromeDriver: chrome on XP (5e5f4dd6a2a3162cbcb161edf80046d7)] -> id: btnLogin] for : 15seconds
2020-02-12 19:02:954 INFO  WaitHelper :75 - element is visible now
2020-02-12 19:02:188 INFO  LoginPage :42 - Entering global id...ckhobra
2020-02-12 19:02:366 INFO  LoginPage :50 - Entering Password...Rutvij@jan
2020-02-12 19:02:367 INFO  LoginPage :58 - Clicking on the login button ......
2020-02-12 19:02:493 INFO  CompressorPage :39 - Clicking on the my project icon of dashboard...
2020-02-12 19:02:676 INFO  CompressorPage :59 - Entering project name in searchbox..RAC PAC 25 July Shared
2020-02-12 19:02:968 INFO  TestBase :109 - Intitialize Web driver1189084611
2020-02-12 19:02:976 INFO  WaitHelper :31 - WaitHelper object created
2020-02-12 19:02:977 INFO  WaitHelper :41 - Implicitwait has been set to SECONDS
2020-02-12 19:02:991 INFO  WaitHelper :164 - waiting for page to load for :SECONDSseconds
2020-02-12 19:02:996 INFO  WaitHelper :166 - Page is loaded completely
2020-02-12 19:02:800 INFO  WaitHelper :31 - WaitHelper object created
2020-02-12 19:02:454 INFO  WaitHelper :72 - Waiting for :[[ChromeDriver: chrome on XP (6f92305013d74c86bd1196af351b087b)] -> id: btnLogin] for : 15seconds
2020-02-12 19:02:539 INFO  WaitHelper :75 - element is visible now
2020-02-12 19:02:757 INFO  LoginPage :42 - Entering global id...ckhobra
2020-02-12 19:02:916 INFO  LoginPage :50 - Entering Password...Rutvij@jan
2020-02-12 19:02:916 INFO  LoginPage :58 - Clicking on the login button ......
2020-02-12 19:02:252 INFO  CompressorPage :39 - Clicking on the my project icon of dashboard...
2020-02-12 19:02:291 INFO  CompressorPage :59 - Entering project name in searchbox..RAC PAC 25 July Shared
2020-02-12 19:02:653 INFO  TestBase :109 - Intitialize Web driver1189084611
2020-02-12 19:02:664 INFO  WaitHelper :31 - WaitHelper object created
2020-02-12 19:02:665 INFO  WaitHelper :41 - Implicitwait has been set to SECONDS
2020-02-12 19:02:689 INFO  WaitHelper :164 - waiting for page to load for :SECONDSseconds
2020-02-12 19:02:696 INFO  WaitHelper :166 - Page is loaded completely
2020-02-12 19:02:665 INFO  WaitHelper :31 - WaitHelper object created
2020-02-12 19:02:196 INFO  WaitHelper :72 - Waiting for :[[ChromeDriver: chrome on XP (5440afd1194a8c25b0726edad3d5651c)] -> id: btnLogin] for : 15seconds
2020-02-12 19:02:304 INFO  WaitHelper :75 - element is visible now
2020-02-12 19:02:605 INFO  LoginPage :42 - Entering global id...ckhobra
2020-02-12 19:02:890 INFO  LoginPage :50 - Entering Password...Rutvij@jan
2020-02-12 19:02:892 INFO  LoginPage :58 - Clicking on the login button ......
2020-02-12 19:02:147 INFO  CompressorPage :39 - Clicking on the my project icon of dashboard...
2020-02-12 19:02:622 INFO  CompressorPage :59 - Entering project name in searchbox..RAC PAC 25 July Shared
2020-02-12 19:02:419 INFO  TestBase :109 - Intitialize Web driver1189084611
2020-02-12 19:02:428 INFO  WaitHelper :31 - WaitHelper object created
2020-02-12 19:02:428 INFO  WaitHelper :41 - Implicitwait has been set to SECONDS
2020-02-12 19:02:446 INFO  WaitHelper :164 - waiting for page to load for :SECONDSseconds
2020-02-12 19:02:452 INFO  WaitHelper :166 - Page is loaded completely
2020-02-12 19:02:130 INFO  WaitHelper :31 - WaitHelper object created
2020-02-12 19:02:662 INFO  WaitHelper :72 - Waiting for :[[ChromeDriver: chrome on XP (b630a60738119a26bcce7e6b2c4f0d22)] -> id: btnLogin] for : 15seconds
2020-02-12 19:02:760 INFO  WaitHelper :75 - element is visible now
2020-02-12 19:02:70 INFO  LoginPage :42 - Entering global id...ckhobra
2020-02-12 19:02:253 INFO  LoginPage :50 - Entering Password...Rutvij@jan
2020-02-12 19:02:254 INFO  LoginPage :58 - Clicking on the login button ......
2020-02-12 19:02:610 INFO  CompressorPage :39 - Clicking on the my project icon of dashboard...
2020-02-12 19:02:737 INFO  CompressorPage :59 - Entering project name in searchbox..RAC PAC 25 July Shared
2020-02-12 19:02:982 INFO  TestBase :109 - Intitialize Web driver1189084611
2020-02-12 19:02:990 INFO  WaitHelper :31 - WaitHelper object created
2020-02-12 19:02:991 INFO  WaitHelper :41 - Implicitwait has been set to SECONDS
2020-02-12 19:02:04 INFO  WaitHelper :164 - waiting for page to load for :SECONDSseconds
2020-02-12 19:02:14 INFO  WaitHelper :166 - Page is loaded completely
2020-02-12 19:02:230 INFO  WaitHelper :31 - WaitHelper object created
2020-02-12 19:02:743 INFO  WaitHelper :72 - Waiting for :[[ChromeDriver: chrome on XP (1fb2d1c0829fafb3c09ed4513be17d66)] -> id: btnLogin] for : 15seconds
2020-02-12 19:02:838 INFO  WaitHelper :75 - element is visible now
2020-02-12 19:02:48 INFO  LoginPage :42 - Entering global id...ckhobra
2020-02-12 19:02:278 INFO  LoginPage :50 - Entering Password...Rutvij@jan
2020-02-12 19:02:278 INFO  LoginPage :58 - Clicking on the login button ......
2020-02-12 19:02:737 INFO  CompressorPage :39 - Clicking on the my project icon of dashboard...
2020-02-12 19:02:586 INFO  CompressorPage :59 - Entering project name in searchbox..RAC PAC 25 July Shared
2020-02-12 19:02:16 INFO  TestBase :109 - Intitialize Web driver1189084611
2020-02-12 19:02:24 INFO  WaitHelper :31 - WaitHelper object created
2020-02-12 19:02:25 INFO  WaitHelper :41 - Implicitwait has been set to SECONDS
2020-02-12 19:02:37 INFO  WaitHelper :164 - waiting for page to load for :SECONDSseconds
2020-02-12 19:02:43 INFO  WaitHelper :166 - Page is loaded completely
2020-02-12 19:02:103 INFO  WaitHelper :31 - WaitHelper object created
2020-02-12 19:02:615 INFO  WaitHelper :72 - Waiting for :[[ChromeDriver: chrome on XP (06bd516203a95922501c3b2143aa3588)] -> id: btnLogin] for : 15seconds
2020-02-12 19:02:753 INFO  WaitHelper :75 - element is visible now
2020-02-12 19:02:957 INFO  LoginPage :42 - Entering global id...ckhobra
2020-02-12 19:02:107 INFO  LoginPage :50 - Entering Password...Rutvij@jan
2020-02-12 19:02:107 INFO  LoginPage :58 - Clicking on the login button ......
2020-02-12 19:02:319 INFO  CompressorPage :39 - Clicking on the my project icon of dashboard...
2020-02-12 19:02:260 INFO  CompressorPage :59 - Entering project name in searchbox..RAC PAC 25 July Shared
2020-02-12 19:02:420 INFO  TestBase :109 - Intitialize Web driver1189084611
2020-02-12 19:02:428 INFO  WaitHelper :31 - WaitHelper object created
2020-02-12 19:02:429 INFO  WaitHelper :41 - Implicitwait has been set to SECONDS
2020-02-12 19:02:450 INFO  WaitHelper :164 - waiting for page to load for :SECONDSseconds
2020-02-12 19:02:458 INFO  WaitHelper :166 - Page is loaded completely
2020-02-12 19:02:354 INFO  WaitHelper :31 - WaitHelper object created
2020-02-12 19:02:873 INFO  WaitHelper :72 - Waiting for :[[ChromeDriver: chrome on XP (b0f760b4dbea40b22b40a63c8e0087e7)] -> id: btnLogin] for : 15seconds
2020-02-12 19:02:996 INFO  WaitHelper :75 - element is visible now
2020-02-12 19:02:297 INFO  LoginPage :42 - Entering global id...ckhobra
2020-02-12 19:02:447 INFO  LoginPage :50 - Entering Password...Rutvij@jan
2020-02-12 19:02:447 INFO  LoginPage :58 - Clicking on the login button ......
2020-02-12 19:02:605 INFO  CompressorPage :39 - Clicking on the my project icon of dashboard...
2020-02-12 19:02:928 INFO  CompressorPage :59 - Entering project name in searchbox..RAC PAC 25 July Shared
2020-02-12 19:02:883 INFO  TestBase :109 - Intitialize Web driver1792227359
2020-02-12 19:02:893 INFO  WaitHelper :31 - WaitHelper object created
2020-02-12 19:02:893 INFO  WaitHelper :41 - Implicitwait has been set to SECONDS
2020-02-12 19:02:911 INFO  WaitHelper :164 - waiting for page to load for :SECONDSseconds
2020-02-12 19:02:919 INFO  WaitHelper :166 - Page is loaded completely
2020-02-12 19:02:786 INFO  WaitHelper :31 - WaitHelper object created
2020-02-12 19:02:282 INFO  WaitHelper :72 - Waiting for :[[ChromeDriver: chrome on XP (336dbf0e7f0ab07bed045c8f1170b990)] -> id: btnLogin] for : 15seconds
2020-02-12 19:02:352 INFO  WaitHelper :75 - element is visible now
2020-02-12 19:02:559 INFO  LoginPage :42 - Entering global id...ckhobra
2020-02-12 19:02:698 INFO  LoginPage :50 - Entering Password...Rutvij@jan
2020-02-12 19:02:698 INFO  LoginPage :58 - Clicking on the login button ......
2020-02-12 19:02:42 INFO  CompressorPage :39 - Clicking on the my project icon of dashboard...
2020-02-13 13:02:716 INFO  TestBase :132 - Intitialize Web driver1406919011
2020-02-13 13:02:724 INFO  WaitHelper :31 - WaitHelper object created
2020-02-13 13:02:724 INFO  WaitHelper :41 - Implicitwait has been set to SECONDS
2020-02-13 13:02:751 INFO  WaitHelper :164 - waiting for page to load for :SECONDSseconds
2020-02-13 13:02:758 INFO  WaitHelper :166 - Page is loaded completely
2020-02-13 13:02:887 INFO  WaitHelper :31 - WaitHelper object created
2020-02-13 13:02:518 INFO  WaitHelper :72 - Waiting for :[[ChromeDriver: chrome on XP (2709b6f1e983646e129ef0451f608c52)] -> id: btnLogin] for : 15seconds
2020-02-13 13:02:707 INFO  WaitHelper :75 - element is visible now
2020-02-13 13:02:649 INFO  LoginPage :42 - Entering global id...ckhobra
2020-02-13 13:02:880 INFO  LoginPage :50 - Entering Password...Rutvij@jan
2020-02-13 13:02:881 INFO  LoginPage :58 - Clicking on the login button ......
2020-02-13 13:02:209 INFO  CompressorPage :39 - Clicking on the my project icon of dashboard...
2020-02-13 13:02:510 INFO  TestBase :132 - Intitialize Web driver1517328406
2020-02-13 13:02:518 INFO  WaitHelper :31 - WaitHelper object created
2020-02-13 13:02:518 INFO  WaitHelper :41 - Implicitwait has been set to SECONDS
2020-02-13 13:02:533 INFO  WaitHelper :164 - waiting for page to load for :SECONDSseconds
2020-02-13 13:02:546 INFO  WaitHelper :166 - Page is loaded completely
2020-02-13 13:02:691 INFO  WaitHelper :31 - WaitHelper object created
2020-02-13 13:02:280 INFO  WaitHelper :72 - Waiting for :[[ChromeDriver: chrome on XP (83909e76c2b46fc134b828dd741b519b)] -> id: btnLogin] for : 15seconds
2020-02-13 13:02:353 INFO  WaitHelper :75 - element is visible now
2020-02-13 13:02:534 INFO  LoginPage :42 - Entering global id...ckhobra
2020-02-13 13:02:808 INFO  LoginPage :50 - Entering Password...Rutvij@jan
2020-02-13 13:02:809 INFO  LoginPage :58 - Clicking on the login button ......
2020-02-13 13:02:109 INFO  CompressorPage :39 - Clicking on the my project icon of dashboard...
2020-02-13 13:02:48 INFO  CompressorPage :59 - Entering project name in searchbox..RAC PAC 25 July Shared
2020-02-13 14:02:280 INFO  TestBase :132 - Intitialize Web driver1517328406
2020-02-13 14:02:288 INFO  WaitHelper :31 - WaitHelper object created
2020-02-13 14:02:288 INFO  WaitHelper :41 - Implicitwait has been set to SECONDS
2020-02-13 14:02:303 INFO  WaitHelper :164 - waiting for page to load for :SECONDSseconds
2020-02-13 14:02:312 INFO  WaitHelper :166 - Page is loaded completely
2020-02-13 14:02:753 INFO  WaitHelper :31 - WaitHelper object created
2020-02-13 14:02:326 INFO  WaitHelper :72 - Waiting for :[[ChromeDriver: chrome on XP (24e6953794682a077e611f3879e854a6)] -> id: btnLogin] for : 15seconds
2020-02-13 14:02:399 INFO  WaitHelper :75 - element is visible now
2020-02-13 14:02:626 INFO  LoginPage :42 - Entering global id...ckhobra
2020-02-13 14:02:866 INFO  LoginPage :50 - Entering Password...Rutvij@jan
2020-02-13 14:02:867 INFO  LoginPage :58 - Clicking on the login button ......
2020-02-13 14:02:146 INFO  CompressorPage :39 - Clicking on the my project icon of dashboard...
2020-02-13 14:02:61 INFO  CompressorPage :59 - Entering project name in searchbox..RAC PAC 25 July Shared
2020-02-13 14:02:790 INFO  TestBase :132 - Intitialize Web driver1406919011
2020-02-13 14:02:799 INFO  WaitHelper :31 - WaitHelper object created
2020-02-13 14:02:799 INFO  WaitHelper :41 - Implicitwait has been set to SECONDS
2020-02-13 14:02:817 INFO  WaitHelper :164 - waiting for page to load for :SECONDSseconds
2020-02-13 14:02:822 INFO  WaitHelper :166 - Page is loaded completely
2020-02-13 14:02:60 INFO  WaitHelper :31 - WaitHelper object created
2020-02-13 14:02:876 INFO  WaitHelper :72 - Waiting for :[[ChromeDriver: chrome on XP (b060321c3a84e6fbfdb5a0cddc09b03f)] -> id: btnLogin] for : 15seconds
2020-02-13 14:02:976 INFO  WaitHelper :75 - element is visible now
2020-02-13 14:02:167 INFO  LoginPage :42 - Entering global id...ckhobra
2020-02-13 14:02:359 INFO  LoginPage :50 - Entering Password...Rutvij@jan
2020-02-13 14:02:360 INFO  LoginPage :58 - Clicking on the login button ......
2020-02-13 14:02:20 INFO  CompressorPage :39 - Clicking on the my project icon of dashboard...
2020-02-13 15:02:353 INFO  TestBase :132 - Intitialize Web driver1830745997
2020-02-13 15:02:372 INFO  WaitHelper :31 - WaitHelper object created
2020-02-13 15:02:373 INFO  WaitHelper :41 - Implicitwait has been set to SECONDS
2020-02-13 15:02:430 INFO  WaitHelper :164 - waiting for page to load for :SECONDSseconds
2020-02-13 15:02:452 INFO  WaitHelper :166 - Page is loaded completely
2020-02-13 15:02:610 INFO  WaitHelper :31 - WaitHelper object created
2020-02-13 15:02:636 INFO  WaitHelper :72 - Waiting for :[[ChromeDriver: chrome on XP (7a05759e32c1a1da3c4eacdc6da6a6dc)] -> id: btnLogin] for : 15seconds
2020-02-13 15:02:688 INFO  WaitHelper :75 - element is visible now
2020-02-13 15:02:808 INFO  LoginPage :42 - Entering global id...ckhobra
2020-02-13 15:02:946 INFO  LoginPage :50 - Entering Password...Rutvij@jan
2020-02-13 15:02:947 INFO  LoginPage :58 - Clicking on the login button ......
2020-02-13 15:02:78 INFO  TestBase :132 - Intitialize Web driver749100260
2020-02-13 15:02:78 INFO  WaitHelper :31 - WaitHelper object created
2020-02-13 15:02:79 INFO  WaitHelper :41 - Implicitwait has been set to SECONDS
2020-02-13 15:02:101 INFO  WaitHelper :164 - waiting for page to load for :SECONDSseconds
2020-02-13 15:02:105 INFO  WaitHelper :166 - Page is loaded completely
2020-02-13 15:02:268 INFO  WaitHelper :31 - WaitHelper object created
2020-02-13 15:02:309 INFO  WaitHelper :72 - Waiting for :[[ChromeDriver: chrome on XP (c727d00c6ea04c718b58c746c214c3a3)] -> id: btnLogin] for : 15seconds
2020-02-13 15:02:349 INFO  WaitHelper :75 - element is visible now
2020-02-13 15:02:485 INFO  LoginPage :42 - Entering global id...ckhobra
2020-02-13 15:02:612 INFO  LoginPage :50 - Entering Password...Rutvij@jan
2020-02-13 15:02:613 INFO  LoginPage :58 - Clicking on the login button ......
2020-02-13 15:02:59 INFO  CompressorPage :39 - Clicking on the my project icon of dashboard...
2020-02-13 15:02:941 INFO  CompressorPage :59 - Entering project name in searchbox..RAC PAC 25 July Shared
2020-02-13 16:02:77 INFO  TestBase :132 - Intitialize Web driver1277108979
2020-02-13 16:02:103 INFO  WaitHelper :31 - WaitHelper object created
2020-02-13 16:02:104 INFO  WaitHelper :41 - Implicitwait has been set to SECONDS
2020-02-13 16:02:116 INFO  WaitHelper :164 - waiting for page to load for :SECONDSseconds
2020-02-13 16:02:120 INFO  WaitHelper :166 - Page is loaded completely
2020-02-13 16:02:975 INFO  WaitHelper :31 - WaitHelper object created
2020-02-13 16:02:447 INFO  WaitHelper :72 - Waiting for :[[ChromeDriver: chrome on XP (3251dafba88d81bddff2e3128bc8e516)] -> id: btnLogin] for : 15seconds
2020-02-13 16:02:541 INFO  WaitHelper :75 - element is visible now
2020-02-13 16:02:834 INFO  LoginPage :42 - Entering global id...ckhobra
2020-02-13 16:02:09 INFO  LoginPage :50 - Entering Password...Rutvij@jan
2020-02-13 16:02:10 INFO  LoginPage :58 - Clicking on the login button ......
2020-02-13 16:02:654 INFO  TestBase :132 - Intitialize Web driver1690481990
2020-02-13 16:02:654 INFO  WaitHelper :31 - WaitHelper object created
2020-02-13 16:02:655 INFO  WaitHelper :41 - Implicitwait has been set to SECONDS
2020-02-13 16:02:660 INFO  WaitHelper :164 - waiting for page to load for :SECONDSseconds
2020-02-13 16:02:666 INFO  WaitHelper :166 - Page is loaded completely
2020-02-13 16:02:404 INFO  WaitHelper :31 - WaitHelper object created
2020-02-13 16:02:937 INFO  WaitHelper :72 - Waiting for :[[ChromeDriver: chrome on XP (19ac787768a610249d2976337003d859)] -> id: btnLogin] for : 15seconds
2020-02-13 16:02:982 INFO  WaitHelper :75 - element is visible now
2020-02-13 16:02:225 INFO  LoginPage :42 - Entering global id...ckhobra
2020-02-13 16:02:449 INFO  LoginPage :50 - Entering Password...Rutvij@jan
2020-02-13 16:02:449 INFO  LoginPage :58 - Clicking on the login button ......
2020-02-13 16:02:480 INFO  CompressorPage :39 - Clicking on the my project icon of dashboard...
2020-02-13 16:02:280 INFO  CompressorPage :59 - Entering project name in searchbox..RAC PAC 25 July Shared
2020-02-13 16:02:46 INFO  TestBase :132 - Intitialize Web driver1277108979
2020-02-13 16:02:69 INFO  WaitHelper :31 - WaitHelper object created
2020-02-13 16:02:70 INFO  WaitHelper :41 - Implicitwait has been set to SECONDS
2020-02-13 16:02:78 INFO  WaitHelper :164 - waiting for page to load for :SECONDSseconds
2020-02-13 16:02:82 INFO  WaitHelper :166 - Page is loaded completely
2020-02-13 16:02:220 INFO  WaitHelper :31 - WaitHelper object created
2020-02-13 16:02:760 INFO  WaitHelper :72 - Waiting for :[[ChromeDriver: chrome on XP (fb27dba5b57fdbdb846fc22a5beedd1f)] -> id: btnLogin] for : 15seconds
2020-02-13 16:02:825 INFO  WaitHelper :75 - element is visible now
2020-02-13 16:02:15 INFO  LoginPage :42 - Entering global id...ckhobra
2020-02-13 16:02:198 INFO  LoginPage :50 - Entering Password...Rutvij@jan
2020-02-13 16:02:199 INFO  LoginPage :58 - Clicking on the login button ......
2020-02-13 16:02:479 INFO  TestBase :132 - Intitialize Web driver1690481990
2020-02-13 16:02:480 INFO  WaitHelper :31 - WaitHelper object created
2020-02-13 16:02:480 INFO  WaitHelper :41 - Implicitwait has been set to SECONDS
2020-02-13 16:02:488 INFO  WaitHelper :164 - waiting for page to load for :SECONDSseconds
2020-02-13 16:02:494 INFO  WaitHelper :166 - Page is loaded completely
2020-02-13 16:02:44 INFO  WaitHelper :31 - WaitHelper object created
2020-02-13 16:02:88 INFO  WaitHelper :72 - Waiting for :[[ChromeDriver: chrome on XP (1930cd38350fb7a5efa50d363d58e492)] -> id: btnLogin] for : 15seconds
2020-02-13 16:02:152 INFO  WaitHelper :75 - element is visible now
2020-02-13 16:02:289 INFO  LoginPage :42 - Entering global id...ckhobra
2020-02-13 16:02:436 INFO  LoginPage :50 - Entering Password...Rutvij@jan
2020-02-13 16:02:436 INFO  LoginPage :58 - Clicking on the login button ......
2020-02-13 16:02:300 INFO  CompressorPage :39 - Clicking on the my project icon of dashboard...
2020-02-13 16:02:953 INFO  CompressorPage :59 - Entering project name in searchbox..RAC PAC 25 July Shared
